CytoCheck/app/build/intermediates/manifest_merge_blame_file/debug/manifest-merger-blame-debug-report.txt
1<?xml version="1.0" encoding="utf-8"?>
2<manifest xmlns:android="http://schemas.android.com/apk/res/android"
3    package="com.example.cytocheck"
4    android:versionCode="1"
5    android:versionName="1.0" >
6
7    <uses-sdk
8        android:minSdkVersion="29"
9        android:targetSdkVersion="33" />
10
11    <uses-permission android:name="android.permission.INTERNET" />
11-->src\main\AndroidManifest.xml:4:5-67
11-->src\main\AndroidManifest.xml:4:22-64
12
13    <!-- Added in API Level 30 as packages and intents are no longer visible by default -->
14    <queries>
14-->[antpluginlib_3-9-0.aar] AndroidManifest.xml:17:5-28:15
15
16        <!-- Declares dependency on the ANT+ Plugin Service -->
17        <package android:name="com.dsi.ant.plugins.antplus" />
17-->[antpluginlib_3-9-0.aar] AndroidManifest.xml:20:9-63
17-->[antpluginlib_3-9-0.aar] AndroidManifest.xml:20:18-60
18
19        <!-- Declares dependency on the ANT Radio Service -->
20        <package android:name="com.dsi.ant.service.socket" />
20-->[antpluginlib_3-9-0.aar] AndroidManifest.xml:23:9-62
20-->[antpluginlib_3-9-0.aar] AndroidManifest.xml:23:18-59
21
22        <intent>
22-->[antpluginlib_3-9-0.aar] AndroidManifest.xml:25:9-27:18
23            <action android:name="com.dsi.ant.plugins.antplus.queryalreadyconnecteddevices" />
23-->[antpluginlib_3-9-0.aar] AndroidManifest.xml:26:13-95
23-->[antpluginlib_3-9-0.aar] AndroidManifest.xml:26:21-92
24        </intent>
25    </queries>
26
27    <uses-permission android:name="android.permission.ACCESS_NETWORK_STATE" />
27-->[com.google.firebase:firebase-auth:22.3.1] AndroidManifest.xml:26:5-79
27-->[com.google.firebase:firebase-auth:22.3.1] AndroidManifest.xml:26:22-76
28    <uses-permission android:name="android.permission.POST_NOTIFICATIONS" />
28-->[com.google.firebase:firebase-messaging:23.4.0] AndroidManifest.xml:23:5-77
28-->[com.google.firebase:firebase-messaging:23.4.0] AndroidManifest.xml:23:22-74
29    <uses-permission android:name="android.permission.WAKE_LOCK" /> <!-- Required by older versions of Google Play services to create IID tokens -->
29-->[com.google.firebase:firebase-messaging:23.4.0] AndroidManifest.xml:24:5-68
29-->[com.google.firebase:firebase-messaging:23.4.0] AndroidManifest.xml:24:22-65
30    <uses-permission android:name="com.google.android.c2dm.permission.RECEIVE" />
30-->[com.google.firebase:firebase-messaging:23.4.0] AndroidManifest.xml:26:5-82
30-->[com.google.firebase:firebase-messaging:23.4.0] AndroidManifest.xml:26:22-79
31    <uses-permission android:name="com.google.android.finsky.permission.BIND_GET_INSTALL_REFERRER_SERVICE" />
31-->[com.google.android.gms:play-services-measurement:21.5.0] AndroidManifest.xml:26:5-110
31-->[com.google.android.gms:play-services-measurement:21.5.0] AndroidManifest.xml:26:22-107
32    <uses-permission android:name="com.google.android.gms.permission.AD_ID" />
32-->[com.google.android.gms:play-services-measurement-api:21.5.0] AndroidManifest.xml:25:5-79
32-->[com.google.android.gms:play-services-measurement-api:21.5.0] AndroidManifest.xml:25:22-76
33    <uses-permission android:name="android.permission.ACCESS_ADSERVICES_ATTRIBUTION" />
33-->[com.google.android.gms:play-services-measurement-api:21.5.0] AndroidManifest.xml:26:5-88
33-->[com.google.android.gms:play-services-measurement-api:21.5.0] AndroidManifest.xml:26:22-85
34    <uses-permission android:name="android.permission.ACCESS_ADSERVICES_AD_ID" />
34-->[com.google.android.gms:play-services-measurement-api:21.5.0] AndroidManifest.xml:27:5-82
34-->[com.google.android.gms:play-services-measurement-api:21.5.0] AndroidManifest.xml:27:22-79
35    <uses-permission android:name="com.google.android.providers.gsf.permission.READ_GSERVICES" />
35-->[com.google.android.recaptcha:recaptcha:18.4.0] AndroidManifest.xml:9:5-98
35-->[com.google.android.recaptcha:recaptcha:18.4.0] AndroidManifest.xml:9:22-95
36
37    <permission
37-->[androidx.core:core:1.9.0] AndroidManifest.xml:22:5-24:47
38        android:name="com.example.cytocheck.DYNAMIC_RECEIVER_NOT_EXPORTED_PERMISSION"
38-->[androidx.core:core:1.9.0] AndroidManifest.xml:23:9-81
39        android:protectionLevel="signature" />
39-->[androidx.core:core:1.9.0] AndroidManifest.xml:24:9-44
40
41    <uses-permission android:name="com.example.cytocheck.DYNAMIC_RECEIVER_NOT_EXPORTED_PERMISSION" />
41-->[androidx.core:core:1.9.0] AndroidManifest.xml:26:5-97
41-->[androidx.core:core:1.9.0] AndroidManifest.xml:26:22-94
42
43    <application
43-->src\main\AndroidManifest.xml:5:5-44:19
44        android:allowBackup="true"
44-->src\main\AndroidManifest.xml:6:9-35
45        android:appComponentFactory="androidx.core.app.CoreComponentFactory"
45-->[androidx.core:core:1.9.0] AndroidManifest.xml:28:18-86
46        android:dataExtractionRules="@xml/data_extraction_rules"
46-->src\main\AndroidManifest.xml:7:9-65
47        android:debuggable="true"
48        android:extractNativeLibs="false"
49        android:fullBackupContent="@xml/backup_rules"
49-->src\main\AndroidManifest.xml:8:9-54
50        android:icon="@mipmap/ic_launcher"
50-->src\main\AndroidManifest.xml:9:9-43
51        android:label="@string/app_name"
51-->src\main\AndroidManifest.xml:10:9-41
52        android:networkSecurityConfig="@xml/network_security_config"
52-->src\main\AndroidManifest.xml:14:9-69
53        android:roundIcon="@mipmap/ic_launcher_round"
53-->src\main\AndroidManifest.xml:11:9-54
54        android:supportsRtl="true"
54-->src\main\AndroidManifest.xml:12:9-35
55        android:testOnly="true"
56        android:theme="@style/Theme.CytoCheck" >
56-->src\main\AndroidManifest.xml:13:9-47
57        <activity
57-->src\main\AndroidManifest.xml:16:9-24:20
58            android:name="com.example.cytocheck.LoginActivity"
58-->src\main\AndroidManifest.xml:17:13-42
59            android:exported="true" >
59-->src\main\AndroidManifest.xml:18:13-36
60            <intent-filter>
60-->src\main\AndroidManifest.xml:19:13-23:29
61                <action android:name="android.intent.action.MAIN" />
61-->src\main\AndroidManifest.xml:20:17-69
61-->src\main\AndroidManifest.xml:20:25-66
62
63                <category android:name="android.intent.category.LAUNCHER" />
63-->src\main\AndroidManifest.xml:22:17-77
63-->src\main\AndroidManifest.xml:22:27-74
64            </intent-filter>
65        </activity>
66        <activity android:name="com.example.cytocheck.PatientActivity" >
66-->src\main\AndroidManifest.xml:26:9-27:20
66-->src\main\AndroidManifest.xml:26:19-50
67        </activity>
68        <activity android:name="com.example.cytocheck.SignupActivity" >
68-->src\main\AndroidManifest.xml:29:9-30:20
68-->src\main\AndroidManifest.xml:29:19-49
69        </activity>
70        <activity android:name="com.example.cytocheck.ProviderActivity" >
70-->src\main\AndroidManifest.xml:32:9-33:20
70-->src\main\AndroidManifest.xml:32:19-51
71        </activity>
72        <activity android:name="com.example.cytocheck.SensorActivity" />
72-->src\main\AndroidManifest.xml:35:9-51
72-->src\main\AndroidManifest.xml:35:19-49
73        <activity
73-->src\main\AndroidManifest.xml:37:9-39:40
74            android:name="com.example.cytocheck.Activity_HeartRateDisplayBase"
74-->src\main\AndroidManifest.xml:38:13-58
75            android:exported="false" />
75-->src\main\AndroidManifest.xml:39:13-37
76        <activity
76-->src\main\AndroidManifest.xml:40:9-42:40
77            android:name="com.example.cytocheck.Activity_AsyncScanHeartRateSampler"
77-->src\main\AndroidManifest.xml:41:13-63
78            android:exported="false" />
78-->src\main\AndroidManifest.xml:42:13-37
79        <activity
79-->[com.google.firebase:firebase-auth:22.3.1] AndroidManifest.xml:29:9-46:20
80            android:name="com.google.firebase.auth.internal.GenericIdpActivity"
80-->[com.google.firebase:firebase-auth:22.3.1] AndroidManifest.xml:30:13-80
81            android:excludeFromRecents="true"
81-->[com.google.firebase:firebase-auth:22.3.1] AndroidManifest.xml:31:13-46
82            android:exported="true"
82-->[com.google.firebase:firebase-auth:22.3.1] AndroidManifest.xml:32:13-36
83            android:launchMode="singleTask"
83-->[com.google.firebase:firebase-auth:22.3.1] AndroidManifest.xml:33:13-44
84            android:theme="@android:style/Theme.Translucent.NoTitleBar" >
84-->[com.google.firebase:firebase-auth:22.3.1] AndroidManifest.xml:34:13-72
85            <intent-filter>
85-->[com.google.firebase:firebase-auth:22.3.1] AndroidManifest.xml:35:13-45:29
86                <action android:name="android.intent.action.VIEW" />
86-->[com.google.firebase:firebase-auth:22.3.1] AndroidManifest.xml:36:17-69
86-->[com.google.firebase:firebase-auth:22.3.1] AndroidManifest.xml:36:25-66
87
88                <category android:name="android.intent.category.DEFAULT" />
88-->[com.google.firebase:firebase-auth:22.3.1] AndroidManifest.xml:38:17-76
88-->[com.google.firebase:firebase-auth:22.3.1] AndroidManifest.xml:38:27-73
89                <category android:name="android.intent.category.BROWSABLE" />
89-->[com.google.firebase:firebase-auth:22.3.1] AndroidManifest.xml:39:17-78
89-->[com.google.firebase:firebase-auth:22.3.1] AndroidManifest.xml:39:27-75
90
91                <data
91-->[com.google.firebase:firebase-auth:22.3.1] AndroidManifest.xml:41:17-44:51
92                    android:host="firebase.auth"
92-->[com.google.firebase:firebase-auth:22.3.1] AndroidManifest.xml:42:21-49
93                    android:path="/"
93-->[com.google.firebase:firebase-auth:22.3.1] AndroidManifest.xml:43:21-37
94                    android:scheme="genericidp" />
94-->[com.google.firebase:firebase-auth:22.3.1] AndroidManifest.xml:44:21-48
95            </intent-filter>
96        </activity>
97        <activity
97-->[com.google.firebase:firebase-auth:22.3.1] AndroidManifest.xml:47:9-64:20
98            android:name="com.google.firebase.auth.internal.RecaptchaActivity"
98-->[com.google.firebase:firebase-auth:22.3.1] AndroidManifest.xml:48:13-79
99            android:excludeFromRecents="true"
99-->[com.google.firebase:firebase-auth:22.3.1] AndroidManifest.xml:49:13-46
100            android:exported="true"
100-->[com.google.firebase:firebase-auth:22.3.1] AndroidManifest.xml:50:13-36
101            android:launchMode="singleTask"
101-->[com.google.firebase:firebase-auth:22.3.1] AndroidManifest.xml:51:13-44
102            android:theme="@android:style/Theme.Translucent.NoTitleBar" >
102-->[com.google.firebase:firebase-auth:22.3.1] AndroidManifest.xml:52:13-72
103            <intent-filter>
103-->[com.google.firebase:firebase-auth:22.3.1] AndroidManifest.xml:53:13-63:29
104                <action android:name="android.intent.action.VIEW" />
104-->[com.google.firebase:firebase-auth:22.3.1] AndroidManifest.xml:36:17-69
104-->[com.google.firebase:firebase-auth:22.3.1] AndroidManifest.xml:36:25-66
105
106                <category android:name="android.intent.category.DEFAULT" />
106-->[com.google.firebase:firebase-auth:22.3.1] AndroidManifest.xml:38:17-76
106-->[com.google.firebase:firebase-auth:22.3.1] AndroidManifest.xml:38:27-73
107                <category android:name="android.intent.category.BROWSABLE" />
107-->[com.google.firebase:firebase-auth:22.3.1] AndroidManifest.xml:39:17-78
107-->[com.google.firebase:firebase-auth:22.3.1] AndroidManifest.xml:39:27-75
108
109                <data
109-->[com.google.firebase:firebase-auth:22.3.1] AndroidManifest.xml:41:17-44:51
110                    android:host="firebase.auth"
110-->[com.google.firebase:firebase-auth:22.3.1] AndroidManifest.xml:42:21-49
111                    android:path="/"
111-->[com.google.firebase:firebase-auth:22.3.1] AndroidManifest.xml:43:21-37
112                    android:scheme="recaptcha" />
112-->[com.google.firebase:firebase-auth:22.3.1] AndroidManifest.xml:44:21-48
113            </intent-filter>
114        </activity>
115
116        <service
116-->[com.google.firebase:firebase-auth:22.3.1] AndroidManifest.xml:66:9-72:19
117            android:name="com.google.firebase.components.ComponentDiscoveryService"
117-->[com.google.firebase:firebase-auth:22.3.1] AndroidManifest.xml:67:13-84
118            android:directBootAware="true"
118-->[com.google.firebase:firebase-common:20.4.2] AndroidManifest.xml:32:13-43
119            android:exported="false" >
119-->[com.google.firebase:firebase-auth:22.3.1] AndroidManifest.xml:68:13-37
120            <meta-data
120-->[com.google.firebase:firebase-auth:22.3.1] AndroidManifest.xml:69:13-71:85
121                android:name="com.google.firebase.components:com.google.firebase.auth.FirebaseAuthRegistrar"
121-->[com.google.firebase:firebase-auth:22.3.1] AndroidManifest.xml:70:17-109
122                android:value="com.google.firebase.components.ComponentRegistrar" />
122-->[com.google.firebase:firebase-auth:22.3.1] AndroidManifest.xml:71:17-82
123            <meta-data
123-->[com.google.firebase:firebase-firestore:24.10.1] AndroidManifest.xml:17:13-19:85
124                android:name="com.google.firebase.components:com.google.firebase.firestore.FirebaseFirestoreKtxRegistrar"
124-->[com.google.firebase:firebase-firestore:24.10.1] AndroidManifest.xml:18:17-122
125                android:value="com.google.firebase.components.ComponentRegistrar" />
125-->[com.google.firebase:firebase-firestore:24.10.1] AndroidManifest.xml:19:17-82
126            <meta-data
126-->[com.google.firebase:firebase-firestore:24.10.1] AndroidManifest.xml:20:13-22:85
127                android:name="com.google.firebase.components:com.google.firebase.firestore.FirestoreRegistrar"
127-->[com.google.firebase:firebase-firestore:24.10.1] AndroidManifest.xml:21:17-111
128                android:value="com.google.firebase.components.ComponentRegistrar" />
128-->[com.google.firebase:firebase-firestore:24.10.1] AndroidManifest.xml:22:17-82
129            <meta-data
129-->[com.google.firebase:firebase-messaging:23.4.0] AndroidManifest.xml:57:13-59:85
130                android:name="com.google.firebase.components:com.google.firebase.messaging.FirebaseMessagingKtxRegistrar"
130-->[com.google.firebase:firebase-messaging:23.4.0] AndroidManifest.xml:58:17-122
131                android:value="com.google.firebase.components.ComponentRegistrar" />
131-->[com.google.firebase:firebase-messaging:23.4.0] AndroidManifest.xml:59:17-82
132            <meta-data
132-->[com.google.firebase:firebase-messaging:23.4.0] AndroidManifest.xml:60:13-62:85
133                android:name="com.google.firebase.components:com.google.firebase.messaging.FirebaseMessagingRegistrar"
133-->[com.google.firebase:firebase-messaging:23.4.0] AndroidManifest.xml:61:17-119
134                android:value="com.google.firebase.components.ComponentRegistrar" />
134-->[com.google.firebase:firebase-messaging:23.4.0] AndroidManifest.xml:62:17-82
135            <meta-data
135-->[com.google.android.gms:play-services-measurement-api:21.5.0] AndroidManifest.xml:37:13-39:85
136                android:name="com.google.firebase.components:com.google.firebase.analytics.connector.internal.AnalyticsConnectorRegistrar"
136-->[com.google.android.gms:play-services-measurement-api:21.5.0] AndroidManifest.xml:38:17-139
137                android:value="com.google.firebase.components.ComponentRegistrar" />
137-->[com.google.android.gms:play-services-measurement-api:21.5.0] AndroidManifest.xml:39:17-82
138            <meta-data
138-->[com.google.firebase:firebase-installations:17.2.0] AndroidManifest.xml:15:13-17:85
139                android:name="com.google.firebase.components:com.google.firebase.installations.FirebaseInstallationsKtxRegistrar"
139-->[com.google.firebase:firebase-installations:17.2.0] AndroidManifest.xml:16:17-130
140                android:value="com.google.firebase.components.ComponentRegistrar" />
140-->[com.google.firebase:firebase-installations:17.2.0] AndroidManifest.xml:17:17-82
141            <meta-data
141-->[com.google.firebase:firebase-installations:17.2.0] AndroidManifest.xml:18:13-20:85
142                android:name="com.google.firebase.components:com.google.firebase.installations.FirebaseInstallationsRegistrar"
142-->[com.google.firebase:firebase-installations:17.2.0] AndroidManifest.xml:19:17-127
143                android:value="com.google.firebase.components.ComponentRegistrar" />
143-->[com.google.firebase:firebase-installations:17.2.0] AndroidManifest.xml:20:17-82
144            <meta-data
144-->[com.google.firebase:firebase-common-ktx:20.4.2] AndroidManifest.xml:12:13-14:85
145                android:name="com.google.firebase.components:com.google.firebase.ktx.FirebaseCommonLegacyRegistrar"
145-->[com.google.firebase:firebase-common-ktx:20.4.2] AndroidManifest.xml:13:17-116
146                android:value="com.google.firebase.components.ComponentRegistrar" />
146-->[com.google.firebase:firebase-common-ktx:20.4.2] AndroidManifest.xml:14:17-82
147            <meta-data
147-->[com.google.firebase:firebase-common:20.4.2] AndroidManifest.xml:35:13-37:85
148                android:name="com.google.firebase.components:com.google.firebase.FirebaseCommonKtxRegistrar"
148-->[com.google.firebase:firebase-common:20.4.2] AndroidManifest.xml:36:17-109
149                android:value="com.google.firebase.components.ComponentRegistrar" />
149-->[com.google.firebase:firebase-common:20.4.2] AndroidManifest.xml:37:17-82
150            <meta-data
150-->[com.google.firebase:firebase-datatransport:18.1.7] AndroidManifest.xml:27:13-29:85
151                android:name="com.google.firebase.components:com.google.firebase.datatransport.TransportRegistrar"
151-->[com.google.firebase:firebase-datatransport:18.1.7] AndroidManifest.xml:28:17-115
152                android:value="com.google.firebase.components.ComponentRegistrar" />
152-->[com.google.firebase:firebase-datatransport:18.1.7] AndroidManifest.xml:29:17-82
153        </service>
154
155        <receiver
155-->[com.google.firebase:firebase-messaging:23.4.0] AndroidManifest.xml:29:9-40:20
156            android:name="com.google.firebase.iid.FirebaseInstanceIdReceiver"
156-->[com.google.firebase:firebase-messaging:23.4.0] AndroidManifest.xml:30:13-78
157            android:exported="true"
157-->[com.google.firebase:firebase-messaging:23.4.0] AndroidManifest.xml:31:13-36
158            android:permission="com.google.android.c2dm.permission.SEND" >
158-->[com.google.firebase:firebase-messaging:23.4.0] AndroidManifest.xml:32:13-73
159            <intent-filter>
159-->[com.google.firebase:firebase-messaging:23.4.0] AndroidManifest.xml:33:13-35:29
160                <action android:name="com.google.android.c2dm.intent.RECEIVE" />
160-->[com.google.firebase:firebase-messaging:23.4.0] AndroidManifest.xml:34:17-81
160-->[com.google.firebase:firebase-messaging:23.4.0] AndroidManifest.xml:34:25-78
161            </intent-filter>
162
163            <meta-data
163-->[com.google.firebase:firebase-messaging:23.4.0] AndroidManifest.xml:37:13-39:40
164                android:name="com.google.android.gms.cloudmessaging.FINISHED_AFTER_HANDLED"
164-->[com.google.firebase:firebase-messaging:23.4.0] AndroidManifest.xml:38:17-92
165                android:value="true" />
165-->[com.google.firebase:firebase-messaging:23.4.0] AndroidManifest.xml:39:17-37
166        </receiver>
167        <!--
168             FirebaseMessagingService performs security checks at runtime,
169             but set to not exported to explicitly avoid allowing another app to call it.
170        -->
171        <service
171-->[com.google.firebase:firebase-messaging:23.4.0] AndroidManifest.xml:46:9-53:19
172            android:name="com.google.firebase.messaging.FirebaseMessagingService"
172-->[com.google.firebase:firebase-messaging:23.4.0] AndroidManifest.xml:47:13-82
173            android:directBootAware="true"
173-->[com.google.firebase:firebase-messaging:23.4.0] AndroidManifest.xml:48:13-43
174            android:exported="false" >
174-->[com.google.firebase:firebase-messaging:23.4.0] AndroidManifest.xml:49:13-37
175            <intent-filter android:priority="-500" >
175-->[com.google.firebase:firebase-messaging:23.4.0] AndroidManifest.xml:50:13-52:29
175-->[com.google.firebase:firebase-messaging:23.4.0] AndroidManifest.xml:50:28-51
176                <action android:name="com.google.firebase.MESSAGING_EVENT" />
176-->[com.google.firebase:firebase-messaging:23.4.0] AndroidManifest.xml:51:17-78
176-->[com.google.firebase:firebase-messaging:23.4.0] AndroidManifest.xml:51:25-75
177            </intent-filter>
178        </service>
179
180        <receiver
180-->[com.google.android.gms:play-services-measurement:21.5.0] AndroidManifest.xml:29:9-33:20
181            android:name="com.google.android.gms.measurement.AppMeasurementReceiver"
181-->[com.google.android.gms:play-services-measurement:21.5.0] AndroidManifest.xml:30:13-85
182            android:enabled="true"
182-->[com.google.android.gms:play-services-measurement:21.5.0] AndroidManifest.xml:31:13-35
183            android:exported="false" >
183-->[com.google.android.gms:play-services-measurement:21.5.0] AndroidManifest.xml:32:13-37
184        </receiver>
185
186        <service
186-->[com.google.android.gms:play-services-measurement:21.5.0] AndroidManifest.xml:35:9-38:40
187            android:name="com.google.android.gms.measurement.AppMeasurementService"
187-->[com.google.android.gms:play-services-measurement:21.5.0] AndroidManifest.xml:36:13-84
188            android:enabled="true"
188-->[com.google.android.gms:play-services-measurement:21.5.0] AndroidManifest.xml:37:13-35
189            android:exported="false" />
189-->[com.google.android.gms:play-services-measurement:21.5.0] AndroidManifest.xml:38:13-37
190        <service
190-->[com.google.android.gms:play-services-measurement:21.5.0] AndroidManifest.xml:39:9-43:72
191            android:name="com.google.android.gms.measurement.AppMeasurementJobService"
191-->[com.google.android.gms:play-services-measurement:21.5.0] AndroidManifest.xml:40:13-87
192            android:enabled="true"
192-->[com.google.android.gms:play-services-measurement:21.5.0] AndroidManifest.xml:41:13-35
193            android:exported="false"
193-->[com.google.android.gms:play-services-measurement:21.5.0] AndroidManifest.xml:42:13-37
194            android:permission="android.permission.BIND_JOB_SERVICE" />
194-->[com.google.android.gms:play-services-measurement:21.5.0] AndroidManifest.xml:43:13-69
195
196        <property
196-->[com.google.android.gms:play-services-measurement-api:21.5.0] AndroidManifest.xml:30:9-32:61
197            android:name="android.adservices.AD_SERVICES_CONFIG"
197-->[com.google.android.gms:play-services-measurement-api:21.5.0] AndroidManifest.xml:31:13-65
198            android:resource="@xml/ga_ad_services_config" />
198-->[com.google.android.gms:play-services-measurement-api:21.5.0] AndroidManifest.xml:32:13-58
199
200        <provider
200-->[com.google.firebase:firebase-common:20.4.2] AndroidManifest.xml:23:9-28:39
201            android:name="com.google.firebase.provider.FirebaseInitProvider"
201-->[com.google.firebase:firebase-common:20.4.2] AndroidManifest.xml:24:13-77
202            android:authorities="com.example.cytocheck.firebaseinitprovider"
202-->[com.google.firebase:firebase-common:20.4.2] AndroidManifest.xml:25:13-72
203            android:directBootAware="true"
203-->[com.google.firebase:firebase-common:20.4.2] AndroidManifest.xml:26:13-43
204            android:exported="false"
204-->[com.google.firebase:firebase-common:20.4.2] AndroidManifest.xml:27:13-37
205            android:initOrder="100" />
205-->[com.google.firebase:firebase-common:20.4.2] AndroidManifest.xml:28:13-36
206
207        <activity
207-->[com.google.android.gms:play-services-base:18.0.1] AndroidManifest.xml:20:9-22:45
208            android:name="com.google.android.gms.common.api.GoogleApiActivity"
208-->[com.google.android.gms:play-services-base:18.0.1] AndroidManifest.xml:20:19-85
209            android:exported="false"
209-->[com.google.android.gms:play-services-base:18.0.1] AndroidManifest.xml:22:19-43
210            android:theme="@android:style/Theme.Translucent.NoTitleBar" />
210-->[com.google.android.gms:play-services-base:18.0.1] AndroidManifest.xml:21:19-78
211
212        <provider
212-->[androidx.emoji2:emoji2:1.2.0] AndroidManifest.xml:24:9-32:20
213            android:name="androidx.startup.InitializationProvider"
213-->[androidx.emoji2:emoji2:1.2.0] AndroidManifest.xml:25:13-67
214            android:authorities="com.example.cytocheck.androidx-startup"
214-->[androidx.emoji2:emoji2:1.2.0] AndroidManifest.xml:26:13-68
215            android:exported="false" >
215-->[androidx.emoji2:emoji2:1.2.0] AndroidManifest.xml:27:13-37
216            <meta-data
216-->[androidx.emoji2:emoji2:1.2.0] AndroidManifest.xml:29:13-31:52
217                android:name="androidx.emoji2.text.EmojiCompatInitializer"
217-->[androidx.emoji2:emoji2:1.2.0] AndroidManifest.xml:30:17-75
218                android:value="androidx.startup" />
218-->[androidx.emoji2:emoji2:1.2.0] AndroidManifest.xml:31:17-49
219            <meta-data
219-->[androidx.lifecycle:lifecycle-process:2.6.1] AndroidManifest.xml:29:13-31:52
220                android:name="androidx.lifecycle.ProcessLifecycleInitializer"
220-->[androidx.lifecycle:lifecycle-process:2.6.1] AndroidManifest.xml:30:17-78
221                android:value="androidx.startup" />
221-->[androidx.lifecycle:lifecycle-process:2.6.1] AndroidManifest.xml:31:17-49
222            <meta-data
222-->[androidx.profileinstaller:profileinstaller:1.3.0] AndroidManifest.xml:29:13-31:52
223                android:name="androidx.profileinstaller.ProfileInstallerInitializer"
223-->[androidx.profileinstaller:profileinstaller:1.3.0] AndroidManifest.xml:30:17-85
224                android:value="androidx.startup" />
224-->[androidx.profileinstaller:profileinstaller:1.3.0] AndroidManifest.xml:31:17-49
225        </provider>
226
227        <uses-library
227-->[androidx.privacysandbox.ads:ads-adservices:1.0.0-beta05] AndroidManifest.xml:23:9-25:40
228            android:name="android.ext.adservices"
228-->[androidx.privacysandbox.ads:ads-adservices:1.0.0-beta05] AndroidManifest.xml:24:13-50
229            android:required="false" />
229-->[androidx.privacysandbox.ads:ads-adservices:1.0.0-beta05] AndroidManifest.xml:25:13-37
230
231        <meta-data
231-->[com.google.android.gms:play-services-basement:18.1.0] AndroidManifest.xml:21:9-23:69
232            android:name="com.google.android.gms.version"
232-->[com.google.android.gms:play-services-basement:18.1.0] AndroidManifest.xml:22:13-58
233            android:value="@integer/google_play_services_version" />
233-->[com.google.android.gms:play-services-basement:18.1.0] AndroidManifest.xml:23:13-66
234
235        <service
235-->[com.google.android.datatransport:transport-backend-cct:3.1.8] AndroidManifest.xml:28:9-34:19
236            android:name="com.google.android.datatransport.runtime.backends.TransportBackendDiscovery"
236-->[com.google.android.datatransport:transport-backend-cct:3.1.8] AndroidManifest.xml:29:13-103
237            android:exported="false" >
237-->[com.google.android.datatransport:transport-backend-cct:3.1.8] AndroidManifest.xml:30:13-37
238            <meta-data
238-->[com.google.android.datatransport:transport-backend-cct:3.1.8] AndroidManifest.xml:31:13-33:39
239                android:name="backend:com.google.android.datatransport.cct.CctBackendFactory"
239-->[com.google.android.datatransport:transport-backend-cct:3.1.8] AndroidManifest.xml:32:17-94
240                android:value="cct" />
240-->[com.google.android.datatransport:transport-backend-cct:3.1.8] AndroidManifest.xml:33:17-36
241        </service>
242        <service
242-->[com.google.android.datatransport:transport-runtime:3.1.8] AndroidManifest.xml:26:9-30:19
243            android:name="com.google.android.datatransport.runtime.scheduling.jobscheduling.JobInfoSchedulerService"
243-->[com.google.android.datatransport:transport-runtime:3.1.8] AndroidManifest.xml:27:13-117
244            android:exported="false"
244-->[com.google.android.datatransport:transport-runtime:3.1.8] AndroidManifest.xml:28:13-37
245            android:permission="android.permission.BIND_JOB_SERVICE" >
245-->[com.google.android.datatransport:transport-runtime:3.1.8] AndroidManifest.xml:29:13-69
246        </service>
247
248        <receiver
248-->[com.google.android.datatransport:transport-runtime:3.1.8] AndroidManifest.xml:32:9-34:40
249            android:name="com.google.android.datatransport.runtime.scheduling.jobscheduling.AlarmManagerSchedulerBroadcastReceiver"
249-->[com.google.android.datatransport:transport-runtime:3.1.8] AndroidManifest.xml:33:13-132
250            android:exported="false" />
250-->[com.google.android.datatransport:transport-runtime:3.1.8] AndroidManifest.xml:34:13-37
251        <receiver
251-->[androidx.profileinstaller:profileinstaller:1.3.0] AndroidManifest.xml:34:9-52:20
252            android:name="androidx.profileinstaller.ProfileInstallReceiver"
252-->[androidx.profileinstaller:profileinstaller:1.3.0] AndroidManifest.xml:35:13-76
253            android:directBootAware="false"
253-->[androidx.profileinstaller:profileinstaller:1.3.0] AndroidManifest.xml:36:13-44
254            android:enabled="true"
254-->[androidx.profileinstaller:profileinstaller:1.3.0] AndroidManifest.xml:37:13-35
255            android:exported="true"
255-->[androidx.profileinstaller:profileinstaller:1.3.0] AndroidManifest.xml:38:13-36
256            android:permission="android.permission.DUMP" >
256-->[androidx.profileinstaller:profileinstaller:1.3.0] AndroidManifest.xml:39:13-57
257            <intent-filter>
257-->[androidx.profileinstaller:profileinstaller:1.3.0] AndroidManifest.xml:40:13-42:29
258                <action android:name="androidx.profileinstaller.action.INSTALL_PROFILE" />
258-->[androidx.profileinstaller:profileinstaller:1.3.0] AndroidManifest.xml:41:17-91